<?xml version="1.0" encoding="UTF-8"?>
<!-- Generated by org.testng.reporters.JUnitXMLReporter -->
<testsuite ignored="0" hostname="DESKTOP-AUO663H" failures="1" tests="10" name="Test" time="0.043" errors="0" timestamp="19 Jun 2021 16:06:18 GMT">
  <testcase classname="tests.TestNg1" name="f" time="0.005"/>
  <testcase classname="tests.TestNg1" name="f" time="0.0"/>
  <testcase classname="tests.TestNg1" name="test1" time="0.001"/>
  <testcase classname="tests.TestNg1" name="test2" time="0.001"/>
  <testcase classname="tests.TestNg1" name="test3" time="0.0"/>
  <testcase classname="tests.TestNg2" name="Test4" time="0.0"/>
  <testcase classname="tests.TestNg2" name="Test5" time="0.001"/>
  <testcase classname="tests.TestNg3" name="createUser" time="0.002"/>
  <testcase classname="tests.TestNg3" name="editUser" time="0.002">
    <failure type="java.lang.AssertionError" message="The following asserts failed:
	verifying element expected [true] but found [false]">
      <![CDATA[java.lang.AssertionError: The following asserts failed:
verifying element expected [true] but found [false]
at tests.TestNg3.editUser(TestNg3.java:28)
... Removed 26 stack frames]]>
    </failure>
  </testcase> <!-- editUser -->
  <testcase classname="tests.TestNg3" name="deletUser" time="0.0">
    <skipped/>
  </testcase> <!-- deletUser -->
</testsuite> <!-- Test -->
