-------------------------------------------------------------------------------
Test set: TestSuite
-------------------------------------------------------------------------------
Tests run: 11, Failures: 1, Errors: 0, Skipped: 1, Time elapsed: 0.334 s <<< FAILURE! - in TestSuite
editUser(tests.TestNg3)  Time elapsed: 0.001 s  <<< FAILURE!
java.lang.AssertionError: 
The following asserts failed:
	verifying element expected [true] but found [false]
	at tests.TestNg3.editUser(TestNg3.java:28)

