<?xml version="1.0" encoding="UTF-8"?>
<testng-results ignored="0" total="10" passed="8" failed="1" skipped="1">
  <reporter-output>
  </reporter-output>
  <suite started-at="2021-06-19T16:06:18Z" name="Suite" finished-at="2021-06-19T16:06:18Z" duration-ms="43">
    <groups>
    </groups>
    <test started-at="2021-06-19T16:06:18Z" name="Test" finished-at="2021-06-19T16:06:18Z" duration-ms="43">
      <class name="tests.TestNg1">
        <test-method is-config="true" signature="beforeSuite()[pri:0, instance:tests.TestNg1@1f59a598]" started-at="2021-06-19T16:06:18Z" name="beforeSuite" finished-at="2021-06-19T16:06:18Z" duration-ms="7" status="PASS">
          <reporter-output>
          </reporter-output>
        </test-method> <!-- beforeSuite -->
        <test-method is-config="true" signature="beforeClass()[pri:0, instance:tests.TestNg1@1f59a598]" started-at="2021-06-19T16:06:18Z" name="beforeClass" finished-at="2021-06-19T16:06:18Z" duration-ms="0" status="PASS">
          <reporter-output>
          </reporter-output>
        </test-method> <!-- beforeClass -->
        <test-method signature="f(java.lang.Integer, java.lang.String)[pri:0, instance:tests.TestNg1@1f59a598]" started-at="2021-06-19T16:06:18Z" name="f" data-provider="dp" finished-at="2021-06-19T16:06:18Z" duration-ms="5" status="PASS">
          <params>
            <param index="0">
              <value>
                <![CDATA[1]]>
              </value>
            </param>
            <param index="1">
              <value>
                <![CDATA[a]]>
              </value>
            </param>
          </params>
          <reporter-output>
          </reporter-output>
        </test-method> <!-- f -->
        <test-method is-config="true" signature="beforeMethod()[pri:0, instance:tests.TestNg1@1f59a598]" started-at="2021-06-19T16:06:18Z" name="beforeMethod" finished-at="2021-06-19T16:06:18Z" duration-ms="0" status="PASS">
          <reporter-output>
          </reporter-output>
        </test-method> <!-- beforeMethod -->
        <test-method is-config="true" signature="afterMethod()[pri:0, instance:tests.TestNg1@1f59a598]" started-at="2021-06-19T16:06:18Z" name="afterMethod" finished-at="2021-06-19T16:06:18Z" duration-ms="1" status="PASS">
          <reporter-output>
          </reporter-output>
        </test-method> <!-- afterMethod -->
        <test-method signature="f(java.lang.Integer, java.lang.String)[pri:0, instance:tests.TestNg1@1f59a598]" started-at="2021-06-19T16:06:18Z" name="f" data-provider="dp" finished-at="2021-06-19T16:06:18Z" duration-ms="0" status="PASS">
          <params>
            <param index="0">
              <value>
                <![CDATA[2]]>
              </value>
            </param>
            <param index="1">
              <value>
                <![CDATA[b]]>
              </value>
            </param>
          </params>
          <reporter-output>
          </reporter-output>
        </test-method> <!-- f -->
        <test-method is-config="true" signature="beforeMethod()[pri:0, instance:tests.TestNg1@1f59a598]" started-at="2021-06-19T16:06:18Z" name="beforeMethod" finished-at="2021-06-19T16:06:18Z" duration-ms="0" status="PASS">
          <reporter-output>
          </reporter-output>
        </test-method> <!-- beforeMethod -->
        <test-method is-config="true" signature="afterMethod()[pri:0, instance:tests.TestNg1@1f59a598]" started-at="2021-06-19T16:06:18Z" name="afterMethod" finished-at="2021-06-19T16:06:18Z" duration-ms="0" status="PASS">
          <reporter-output>
          </reporter-output>
        </test-method> <!-- afterMethod -->
        <test-method signature="test1()[pri:0, instance:tests.TestNg1@1f59a598]" started-at="2021-06-19T16:06:18Z" name="test1" finished-at="2021-06-19T16:06:18Z" duration-ms="1" status="PASS">
          <reporter-output>
          </reporter-output>
        </test-method> <!-- test1 -->
        <test-method is-config="true" signature="beforeMethod()[pri:0, instance:tests.TestNg1@1f59a598]" started-at="2021-06-19T16:06:18Z" name="beforeMethod" finished-at="2021-06-19T16:06:18Z" duration-ms="0" status="PASS">
          <reporter-output>
          </reporter-output>
        </test-method> <!-- beforeMethod -->
        <test-method is-config="true" signature="afterMethod()[pri:0, instance:tests.TestNg1@1f59a598]" started-at="2021-06-19T16:06:18Z" name="afterMethod" finished-at="2021-06-19T16:06:18Z" duration-ms="0" status="PASS">
          <reporter-output>
          </reporter-output>
        </test-method> <!-- afterMethod -->
        <test-method is-config="true" signature="beforeMethod()[pri:0, instance:tests.TestNg1@1f59a598]" started-at="2021-06-19T16:06:18Z" name="beforeMethod" finished-at="2021-06-19T16:06:18Z" duration-ms="0" status="PASS">
          <reporter-output>
          </reporter-output>
        </test-method> <!-- beforeMethod -->
        <test-method signature="test2()[pri:0, instance:tests.TestNg1@1f59a598]" started-at="2021-06-19T16:06:18Z" name="test2" finished-at="2021-06-19T16:06:18Z" duration-ms="1" status="PASS">
          <reporter-output>
          </reporter-output>
        </test-method> <!-- test2 -->
        <test-method is-config="true" signature="afterMethod()[pri:0, instance:tests.TestNg1@1f59a598]" started-at="2021-06-19T16:06:18Z" name="afterMethod" finished-at="2021-06-19T16:06:18Z" duration-ms="1" status="PASS">
          <reporter-output>
          </reporter-output>
        </test-method> <!-- afterMethod -->
        <test-method signature="test3()[pri:0, instance:tests.TestNg1@1f59a598]" started-at="2021-06-19T16:06:18Z" name="test3" finished-at="2021-06-19T16:06:18Z" duration-ms="0" status="PASS">
          <reporter-output>
          </reporter-output>
        </test-method> <!-- test3 -->
        <test-method is-config="true" signature="beforeMethod()[pri:0, instance:tests.TestNg1@1f59a598]" started-at="2021-06-19T16:06:18Z" name="beforeMethod" finished-at="2021-06-19T16:06:18Z" duration-ms="0" status="PASS">
          <reporter-output>
          </reporter-output>
        </test-method> <!-- beforeMethod -->
        <test-method is-config="true" signature="afterClass()[pri:0, instance:tests.TestNg1@1f59a598]" started-at="2021-06-19T16:06:18Z" name="afterClass" finished-at="2021-06-19T16:06:18Z" duration-ms="0" status="PASS">
          <reporter-output>
          </reporter-output>
        </test-method> <!-- afterClass -->
        <test-method is-config="true" signature="afterMethod()[pri:0, instance:tests.TestNg1@1f59a598]" started-at="2021-06-19T16:06:18Z" name="afterMethod" finished-at="2021-06-19T16:06:18Z" duration-ms="0" status="PASS">
          <reporter-output>
          </reporter-output>
        </test-method> <!-- afterMethod -->
        <test-method is-config="true" signature="afterTest()[pri:0, instance:tests.TestNg1@1f59a598]" started-at="2021-06-19T16:06:18Z" name="afterTest" finished-at="2021-06-19T16:06:18Z" duration-ms="0" status="PASS">
          <reporter-output>
          </reporter-output>
        </test-method> <!-- afterTest -->
        <test-method is-config="true" signature="afterSuite()[pri:0, instance:tests.TestNg1@1f59a598]" started-at="2021-06-19T16:06:18Z" name="afterSuite" finished-at="2021-06-19T16:06:18Z" duration-ms="0" status="PASS">
          <reporter-output>
          </reporter-output>
        </test-method> <!-- afterSuite -->
      </class> <!-- tests.TestNg1 -->
      <class name="tests.TestNg2">
        <test-method signature="Test4()[pri:0, instance:tests.TestNg2@1e178745]" started-at="2021-06-19T16:06:18Z" name="Test4" finished-at="2021-06-19T16:06:18Z" duration-ms="0" status="PASS">
          <reporter-output>
          </reporter-output>
        </test-method> <!-- Test4 -->
        <test-method signature="Test5()[pri:0, instance:tests.TestNg2@1e178745]" started-at="2021-06-19T16:06:18Z" name="Test5" finished-at="2021-06-19T16:06:18Z" duration-ms="1" status="PASS">
          <reporter-output>
          </reporter-output>
        </test-method> <!-- Test5 -->
      </class> <!-- tests.TestNg2 -->
      <class name="tests.TestNg3">
        <test-method signature="createUser()[pri:1, instance:tests.TestNg3@192c3f1e]" started-at="2021-06-19T16:06:18Z" name="createUser" finished-at="2021-06-19T16:06:18Z" duration-ms="2" status="PASS">
          <reporter-output>
          </reporter-output>
        </test-method> <!-- createUser -->
        <test-method signature="editUser()[pri:2, instance:tests.TestNg3@192c3f1e]" started-at="2021-06-19T16:06:18Z" name="editUser" finished-at="2021-06-19T16:06:18Z" depends-on-methods="tests.TestNg3.createUser" duration-ms="2" status="FAIL">
          <exception class="java.lang.AssertionError">
            <message>
              <![CDATA[The following asserts failed:
verifying element expected [true] but found [false]]]>
            </message>
            <full-stacktrace>
              <![CDATA[java.lang.AssertionError: The following asserts failed:
verifying element expected [true] but found [false]
at org.testng.asserts.SoftAssert.assertAll(SoftAssert.java:43)
at tests.TestNg3.editUser(TestNg3.java:28)
at java.base/jdk.internal.reflect.NativeMethodAccessorImpl.invoke0(Native Method)
at java.base/jdk.internal.reflect.NativeMethodAccessorImpl.invoke(NativeMethodAccessorImpl.java:64)
at java.base/jdk.internal.reflect.DelegatingMethodAccessorImpl.invoke(DelegatingMethodAccessorImpl.java:43)
at java.base/java.lang.reflect.Method.invoke(Method.java:564)
at org.testng.internal.MethodInvocationHelper.invokeMethod(MethodInvocationHelper.java:124)
at org.testng.internal.Invoker.invokeMethod(Invoker.java:583)
at org.testng.internal.Invoker.invokeTestMethod(Invoker.java:719)
at org.testng.internal.Invoker.invokeTestMethods(Invoker.java:989)
at org.testng.internal.TestMethodWorker.invokeTestMethods(TestMethodWorker.java:125)
at org.testng.internal.TestMethodWorker.run(TestMethodWorker.java:109)
at org.testng.TestRunner.privateRun(TestRunner.java:648)
at org.testng.TestRunner.run(TestRunner.java:505)
at org.testng.SuiteRunner.runTest(SuiteRunner.java:455)
at org.testng.SuiteRunner.runSequentially(SuiteRunner.java:450)
at org.testng.SuiteRunner.privateRun(SuiteRunner.java:415)
at org.testng.SuiteRunner.run(SuiteRunner.java:364)
at org.testng.SuiteRunnerWorker.runSuite(SuiteRunnerWorker.java:52)
at org.testng.SuiteRunnerWorker.run(SuiteRunnerWorker.java:84)
at org.testng.TestNG.runSuitesSequentially(TestNG.java:1208)
at org.testng.TestNG.runSuitesLocally(TestNG.java:1137)
at org.testng.TestNG.runSuites(TestNG.java:1049)
at org.testng.TestNG.run(TestNG.java:1017)
at org.testng.remote.AbstractRemoteTestNG.run(AbstractRemoteTestNG.java:115)
at org.testng.remote.RemoteTestNG.initAndRun(RemoteTestNG.java:251)
at org.testng.remote.RemoteTestNG.main(RemoteTestNG.java:77)
]]>
            </full-stacktrace>
          </exception> <!-- java.lang.AssertionError -->
          <reporter-output>
          </reporter-output>
        </test-method> <!-- editUser -->
        <test-method signature="deletUser()[pri:3, instance:tests.TestNg3@192c3f1e]" started-at="2021-06-19T16:06:18Z" name="deletUser" finished-at="2021-06-19T16:06:18Z" depends-on-methods="tests.TestNg3.editUser" duration-ms="0" status="SKIP">
          <exception class="java.lang.Throwable">
            <message>
              <![CDATA[Method TestNg3.deletUser()[pri:3, instance:tests.TestNg3@192c3f1e] depends on not successfully finished methods]]>
            </message>
            <full-stacktrace>
              <![CDATA[java.lang.Throwable: Method TestNg3.deletUser()[pri:3, instance:tests.TestNg3@192c3f1e] depends on not successfully finished methods
at org.testng.internal.Invoker.invokeTestMethods(Invoker.java:888)
at org.testng.internal.TestMethodWorker.invokeTestMethods(TestMethodWorker.java:125)
at org.testng.internal.TestMethodWorker.run(TestMethodWorker.java:109)
at org.testng.TestRunner.privateRun(TestRunner.java:648)
at org.testng.TestRunner.run(TestRunner.java:505)
at org.testng.SuiteRunner.runTest(SuiteRunner.java:455)
at org.testng.SuiteRunner.runSequentially(SuiteRunner.java:450)
at org.testng.SuiteRunner.privateRun(SuiteRunner.java:415)
at org.testng.SuiteRunner.run(SuiteRunner.java:364)
at org.testng.SuiteRunnerWorker.runSuite(SuiteRunnerWorker.java:52)
at org.testng.SuiteRunnerWorker.run(SuiteRunnerWorker.java:84)
at org.testng.TestNG.runSuitesSequentially(TestNG.java:1208)
at org.testng.TestNG.runSuitesLocally(TestNG.java:1137)
at org.testng.TestNG.runSuites(TestNG.java:1049)
at org.testng.TestNG.run(TestNG.java:1017)
at org.testng.remote.AbstractRemoteTestNG.run(AbstractRemoteTestNG.java:115)
at org.testng.remote.RemoteTestNG.initAndRun(RemoteTestNG.java:251)
at org.testng.remote.RemoteTestNG.main(RemoteTestNG.java:77)
]]>
            </full-stacktrace>
          </exception> <!-- java.lang.Throwable -->
          <reporter-output>
          </reporter-output>
        </test-method> <!-- deletUser -->
      </class> <!-- tests.TestNg3 -->
    </test> <!-- Test -->
  </suite> <!-- Suite -->
</testng-results>
